#
# There is insufficient memory for the Java Runtime Environment to continue.
# Native memory allocation (malloc) failed to allocate 1817664 bytes for Chunk::new
# Possible reasons:
#   The system is out of physical RAM or swap space
#   In 32 bit mode, the process size limit was hit
# Possible solutions:
#   Reduce memory load on the system
#   Increase physical memory or swap space
#   Check if swap backing store is full
#   Use 64 bit Java on a 64 bit OS
#   Decrease Java heap size (-Xmx/-Xms)
#   Decrease number of Java threads
#   Decrease Java thread stack sizes (-Xss)
#   Set larger code cache with -XX:ReservedCodeCacheSize=
# This output file may be truncated or incomplete.
#
#  Out of Memory Error (allocation.cpp:390), pid=3708, tid=0x0000000000000ab4
#
# JRE version: OpenJDK Runtime Environment (8.0_112-b06) (build 1.8.0_112-release-b06)
# Java VM: OpenJDK 64-Bit Server VM (25.112-b06 mixed mode windows-amd64 compressed oops)
# Failed to write core dump. Minidumps are not enabled by default on client versions of Windows
#

---------------  T H R E A D  ---------------

Current thread (0x0000000016a0a800):  JavaThread "C2 CompilerThread1" daemon [_thread_in_native, id=2740, stack(0x00000000180f0000,0x00000000181f0000)]

Stack: [0x00000000180f0000,0x00000000181f0000]
[error occurred during error reporting (printing stack bounds), id 0xc0000005]

Native frames: (J=compiled Java code, j=interpreted, Vv=VM code, C=native code)


Current CompileTask:
C2:  12739 9093   !   4       com.sun.tools.javac.file.JavacFileManager::listContainer (94 bytes)


---------------  P R O C E S S  ---------------

Java Threads: ( => current thread )
  0x000000001b8bb800 JavaThread "Cache update executor" [_thread_blocked, id=8228, stack(0x000000001ee00000,0x000000001ef00000)]
  0x000000001b8c0000 JavaThread "File lock request listener" [_thread_in_native, id=8776, stack(0x000000001d2c0000,0x000000001d3c0000)]
  0x0000000019699000 JavaThread "Stdin handler" [_thread_blocked, id=6352, stack(0x000000001b020000,0x000000001b120000)]
  0x0000000019d41800 JavaThread "Asynchronous log dispatcher for DefaultDaemonConnection: socket connection from /127.0.0.1:50779 to /127.0.0.1:50780" [_thread_blocked, id=7568, stack(0x000000001af20000,0x000000001b020000)]
  0x00000000196d1800 JavaThread "Daemon worker" [_thread_blocked, id=6356, stack(0x000000001ae20000,0x000000001af20000)]
  0x00000000197bc000 JavaThread "Cancel handler" [_thread_blocked, id=7156, stack(0x000000001ad20000,0x000000001ae20000)]
  0x000000001963a000 JavaThread "Handler for socket connection from /127.0.0.1:50779 to /127.0.0.1:50780" [_thread_in_native, id=8000, stack(0x000000001ac20000,0x000000001ad20000)]
  0x0000000019634000 JavaThread "Daemon" [_thread_blocked, id=8584, stack(0x000000001ab20000,0x000000001ac20000)]
  0x000000001961c000 JavaThread "pool-1-thread-1" [_thread_blocked, id=6788, stack(0x000000001aa20000,0x000000001ab20000)]
  0x00000000198a8000 JavaThread "Incoming local TCP Connector on port 50779" [_thread_in_native, id=7768, stack(0x000000001a0c0000,0x000000001a1c0000)]
  0x0000000018312000 JavaThread "Service Thread" daemon [_thread_blocked, id=7004, stack(0x00000000186f0000,0x00000000187f0000)]
  0x0000000016a12000 JavaThread "C1 CompilerThread2" daemon [_thread_blocked, id=8784, stack(0x00000000181f0000,0x00000000182f0000)]
=>0x0000000016a0a800 JavaThread "C2 CompilerThread1" daemon [_thread_in_native, id=2740, stack(0x00000000180f0000,0x00000000181f0000)]
  0x0000000016a07800 JavaThread "C2 CompilerThread0" daemon [_thread_blocked, id=5876, stack(0x0000000017ff0000,0x00000000180f0000)]
  0x0000000016a06800 JavaThread "Attach Listener" daemon [_thread_blocked, id=6524, stack(0x0000000017ef0000,0x0000000017ff0000)]
  0x0000000016a05800 JavaThread "Signal Dispatcher" daemon [_thread_blocked, id=4000, stack(0x0000000017df0000,0x0000000017ef0000)]
  0x00000000169a8800 JavaThread "Finalizer" daemon [_thread_blocked, id=200, stack(0x0000000017c10000,0x0000000017d10000)]
  0x0000000003042800 JavaThread "Reference Handler" daemon [_thread_blocked, id=5664, stack(0x0000000017b10000,0x0000000017c10000)]
  0x0000000002f50800 JavaThread "main" [_thread_blocked, id=6852, stack(0x0000000002e50000,0x0000000002f50000)]

Other Threads:
  0x0000000016984800 VMThread [stack: 0x0000000017a10000,0x0000000017b10000] [id=7020]
  0x000000001836f800 WatcherThread [stack: 0x00000000187f0000,0x00000000188f0000] [id=7540]

VM state:at safepoint (normal execution)

VM Mutex/Monitor currently owned by a thread:  ([mutex/lock_event])
[0x0000000002d6bed0] Threads_lock - owner thread: 0x0000000016984800
[0x0000000002d6c150] Heap_lock - owner thread: 0x0000000016a12000
[0x0000000002d6d160] MethodData_lock - owner thread: 0x0000000016a12000

Heap:
 PSYoungGen      total 164352K, used 159307K [0x00000000e0000000, 0x00000000ecf00000, 0x0000000100000000)
  eden space 140800K, 96% used [0x00000000e0000000,0x00000000e8498968,0x00000000e8980000)
  from space 23552K, 99% used [0x00000000e8980000,0x00000000ea07a5c8,0x00000000ea080000)
  to   space 15872K, 99% used [0x00000000ea080000,0x00000000eaff8af0,0x00000000eb000000)
 ParOldGen       total 109568K, used 109067K [0x00000000a0000000, 0x00000000a6b00000, 0x00000000e0000000)
  object space 109568K, 99% used [0x00000000a0000000,0x00000000a6a82e60,0x00000000a6b00000)
 Metaspace       used 57387K, capacity 59056K, committed 59136K, reserved 1099776K
  class space    used 7518K, capacity 7897K, committed 7936K, reserved 1048576K

Card table byte_map: [0x0000000012410000,0x0000000012720000] byte_map_base: 0x0000000011f10000

Marking Bits: (ParMarkBitMap*) 0x000000006c6818f0
 Begin Bits: [0x0000000012d20000, 0x0000000014520000)
 End Bits:   [0x0000000014520000, 0x0000000015d20000)

Polling page: 0x0000000001060000

CodeCache: size=245760Kb used=30373Kb max_used=30373Kb free=215386Kb
 bounds [0x0000000003050000, 0x0000000004e20000, 0x0000000012050000]
 total_blobs=9342 nmethods=8573 adapters=680
 compilation: enabled

Compilation events (10 events):
Event: 12.630 Thread 0x0000000016a12000 nmethod 9556 0x0000000004e10250 code [0x0000000004e10460, 0x0000000004e10e38]
Event: 12.630 Thread 0x0000000016a12000 9562       3       com.sun.tools.javac.jvm.Gen::isInvokeDynamic (25 bytes)
Event: 12.630 Thread 0x0000000016a12000 nmethod 9562 0x0000000004e11250 code [0x0000000004e113c0, 0x0000000004e11768]
Event: 12.630 Thread 0x0000000016a12000 9561       3       com.sun.tools.javac.comp.Resolve::resolveQualifiedMethod (26 bytes)
Event: 12.631 Thread 0x0000000016a12000 nmethod 9561 0x0000000004e11890 code [0x0000000004e11a20, 0x0000000004e11e18]
Event: 12.631 Thread 0x0000000016a12000 9559       1       com.sun.tools.javac.model.FilteredMemberList::access$000 (5 bytes)
Event: 12.631 Thread 0x0000000016a12000 nmethod 9559 0x0000000004e12110 code [0x0000000004e12260, 0x0000000004e12350]
Event: 12.631 Thread 0x0000000016a12000 9563       3       com.sun.tools.javac.jvm.ClassWriter::beginAttrs (16 bytes)
Event: 12.631 Thread 0x0000000016a12000 nmethod 9563 0x0000000004e123d0 code [0x0000000004e12540, 0x0000000004e12708]
Event: 12.631 Thread 0x0000000016a12000 9564       3       com.sun.tools.javac.jvm.ClassWriter::writeTypeAnnotations (378 bytes)

GC Heap History (10 events):
Event: 6.119 GC heap after
Heap after GC invocations=9 (full 2):
 PSYoungGen      total 104960K, used 0K [0x00000000e0000000, 0x00000000e9e00000, 0x0000000100000000)
  eden space 94720K, 0% used [0x00000000e0000000,0x00000000e0000000,0x00000000e5c80000)
  from space 10240K, 0% used [0x00000000e5c80000,0x00000000e5c80000,0x00000000e6680000)
  to   space 11776K, 0% used [0x00000000e9280000,0x00000000e9280000,0x00000000e9e00000)
 ParOldGen       total 106496K, used 17274K [0x00000000a0000000, 0x00000000a6800000, 0x00000000e0000000)
  object space 106496K, 16% used [0x00000000a0000000,0x00000000a10debb8,0x00000000a6800000)
 Metaspace       used 34602K, capacity 35252K, committed 35496K, reserved 1079296K
  class space    used 4593K, capacity 4744K, committed 4864K, reserved 1048576K
}
Event: 7.128 GC heap before
{Heap before GC invocations=10 (full 2):
 PSYoungGen      total 104960K, used 94720K [0x00000000e0000000, 0x00000000e9e00000, 0x0000000100000000)
  eden space 94720K, 100% used [0x00000000e0000000,0x00000000e5c80000,0x00000000e5c80000)
  from space 10240K, 0% used [0x00000000e5c80000,0x00000000e5c80000,0x00000000e6680000)
  to   space 11776K, 0% used [0x00000000e9280000,0x00000000e9280000,0x00000000e9e00000)
 ParOldGen       total 106496K, used 17274K [0x00000000a0000000, 0x00000000a6800000, 0x00000000e0000000)
  object space 106496K, 16% used [0x00000000a0000000,0x00000000a10debb8,0x00000000a6800000)
 Metaspace       used 42408K, capacity 43320K, committed 43648K, reserved 1087488K
  class space    used 5672K, capacity 5913K, committed 6016K, reserved 1048576K
Event: 7.135 GC heap after
Heap after GC invocations=10 (full 2):
 PSYoungGen      total 135680K, used 10650K [0x00000000e0000000, 0x00000000e9d00000, 0x0000000100000000)
  eden space 124928K, 0% used [0x00000000e0000000,0x00000000e0000000,0x00000000e7a00000)
  from space 10752K, 99% used [0x00000000e9280000,0x00000000e9ce6ab8,0x00000000e9d00000)
  to   space 12800K, 0% used [0x00000000e8400000,0x00000000e8400000,0x00000000e9080000)
 ParOldGen       total 106496K, used 17282K [0x00000000a0000000, 0x00000000a6800000, 0x00000000e0000000)
  object space 106496K, 16% used [0x00000000a0000000,0x00000000a10e0bb8,0x00000000a6800000)
 Metaspace       used 42408K, capacity 43320K, committed 43648K, reserved 1087488K
  class space    used 5672K, capacity 5913K, committed 6016K, reserved 1048576K
}
Event: 8.425 GC heap before
{Heap before GC invocations=11 (full 2):
 PSYoungGen      total 135680K, used 135578K [0x00000000e0000000, 0x00000000e9d00000, 0x0000000100000000)
  eden space 124928K, 100% used [0x00000000e0000000,0x00000000e7a00000,0x00000000e7a00000)
  from space 10752K, 99% used [0x00000000e9280000,0x00000000e9ce6ab8,0x00000000e9d00000)
  to   space 12800K, 0% used [0x00000000e8400000,0x00000000e8400000,0x00000000e9080000)
 ParOldGen       total 106496K, used 17282K [0x00000000a0000000, 0x00000000a6800000, 0x00000000e0000000)
  object space 106496K, 16% used [0x00000000a0000000,0x00000000a10e0bb8,0x00000000a6800000)
 Metaspace       used 46718K, capacity 48158K, committed 48384K, reserved 1091584K
  class space    used 6261K, capacity 6580K, committed 6656K, reserved 1048576K
Event: 8.438 GC heap after
Heap after GC invocations=11 (full 2):
 PSYoungGen      total 147968K, used 12789K [0x00000000e0000000, 0x00000000eb000000, 0x0000000100000000)
  eden space 135168K, 0% used [0x00000000e0000000,0x00000000e0000000,0x00000000e8400000)
  from space 12800K, 99% used [0x00000000e8400000,0x00000000e907d670,0x00000000e9080000)
  to   space 15872K, 0% used [0x00000000ea080000,0x00000000ea080000,0x00000000eb000000)
 ParOldGen       total 106496K, used 21512K [0x00000000a0000000, 0x00000000a6800000, 0x00000000e0000000)
  object space 106496K, 20% used [0x00000000a0000000,0x00000000a15020b8,0x00000000a6800000)
 Metaspace       used 46718K, capacity 48158K, committed 48384K, reserved 1091584K
  class space    used 6261K, capacity 6580K, committed 6656K, reserved 1048576K
}
Event: 10.617 GC heap before
{Heap before GC invocations=12 (full 2):
 PSYoungGen      total 147968K, used 147957K [0x00000000e0000000, 0x00000000eb000000, 0x0000000100000000)
  eden space 135168K, 100% used [0x00000000e0000000,0x00000000e8400000,0x00000000e8400000)
  from space 12800K, 99% used [0x00000000e8400000,0x00000000e907d670,0x00000000e9080000)
  to   space 15872K, 0% used [0x00000000ea080000,0x00000000ea080000,0x00000000eb000000)
 ParOldGen       total 106496K, used 21512K [0x00000000a0000000, 0x00000000a6800000, 0x00000000e0000000)
  object space 106496K, 20% used [0x00000000a0000000,0x00000000a15020b8,0x00000000a6800000)
 Metaspace       used 54845K, capacity 56542K, committed 56704K, reserved 1097728K
  class space    used 7314K, capacity 7696K, committed 7808K, reserved 1048576K
Event: 10.664 GC heap after
Heap after GC invocations=12 (full 2):
 PSYoungGen      total 156672K, used 15869K [0x00000000e0000000, 0x00000000ecf00000, 0x0000000100000000)
  eden space 140800K, 0% used [0x00000000e0000000,0x00000000e0000000,0x00000000e8980000)
  from space 15872K, 99% used [0x00000000ea080000,0x00000000eafff408,0x00000000eb000000)
  to   space 23552K, 0% used [0x00000000e8980000,0x00000000e8980000,0x00000000ea080000)
 ParOldGen       total 106496K, used 37143K [0x00000000a0000000, 0x00000000a6800000, 0x00000000e0000000)
  object space 106496K, 34% used [0x00000000a0000000,0x00000000a2445fc0,0x00000000a6800000)
 Metaspace       used 54845K, capacity 56542K, committed 56704K, reserved 1097728K
  class space    used 7314K, capacity 7696K, committed 7808K, reserved 1048576K
}
Event: 11.662 GC heap before
{Heap before GC invocations=13 (full 2):
 PSYoungGen      total 156672K, used 156669K [0x00000000e0000000, 0x00000000ecf00000, 0x0000000100000000)
  eden space 140800K, 100% used [0x00000000e0000000,0x00000000e8980000,0x00000000e8980000)
  from space 15872K, 99% used [0x00000000ea080000,0x00000000eafff408,0x00000000eb000000)
  to   space 23552K, 0% used [0x00000000e8980000,0x00000000e8980000,0x00000000ea080000)
 ParOldGen       total 106496K, used 37143K [0x00000000a0000000, 0x00000000a6800000, 0x00000000e0000000)
  object space 106496K, 34% used [0x00000000a0000000,0x00000000a2445fc0,0x00000000a6800000)
 Metaspace       used 56542K, capacity 58224K, committed 58368K, reserved 1099776K
  class space    used 7451K, capacity 7833K, committed 7936K, reserved 1048576K
Event: 11.698 GC heap after
Heap after GC invocations=13 (full 2):
 PSYoungGen      total 164352K, used 23529K [0x00000000e0000000, 0x00000000ecf00000, 0x0000000100000000)
  eden space 140800K, 0% used [0x00000000e0000000,0x00000000e0000000,0x00000000e8980000)
  from space 23552K, 99% used [0x00000000e8980000,0x00000000ea07a5c8,0x00000000ea080000)
  to   space 15872K, 0% used [0x00000000ea080000,0x00000000ea080000,0x00000000eb000000)
 ParOldGen       total 106496K, used 61220K [0x00000000a0000000, 0x00000000a6800000, 0x00000000e0000000)
  object space 106496K, 57% used [0x00000000a0000000,0x00000000a3bc92a8,0x00000000a6800000)
 Metaspace       used 56542K, capacity 58224K, committed 58368K, reserved 1099776K
  class space    used 7451K, capacity 7833K, committed 7936K, reserved 1048576K
}
Event: 12.632 GC heap before
{Heap before GC invocations=14 (full 2):
 PSYoungGen      total 164352K, used 159307K [0x00000000e0000000, 0x00000000ecf00000, 0x0000000100000000)
  eden space 140800K, 96% used [0x00000000e0000000,0x00000000e8498968,0x00000000e8980000)
  from space 23552K, 99% used [0x00000000e8980000,0x00000000ea07a5c8,0x00000000ea080000)
  to   space 15872K, 0% used [0x00000000ea080000,0x00000000ea080000,0x00000000eb000000)
 ParOldGen       total 106496K, used 61220K [0x00000000a0000000, 0x00000000a6800000, 0x00000000e0000000)
  object space 106496K, 57% used [0x00000000a0000000,0x00000000a3bc92a8,0x00000000a6800000)
 Metaspace       used 57387K, capacity 59056K, committed 59136K, reserved 1099776K
  class space    used 7518K, capacity 7897K, committed 7936K, reserved 1048576K

Deoptimization events (10 events):
Event: 12.590 Thread 0x00000000196d1800 Uncommon trap: reason=class_check action=maybe_recompile pc=0x0000000004d23b48 method=com.sun.tools.javac.code.Type.containsAny(Lcom/sun/tools/javac/util/List;)Z @ 6
Event: 12.593 Thread 0x00000000196d1800 Uncommon trap: reason=class_check action=maybe_recompile pc=0x0000000004dd7e08 method=com.sun.tools.javac.code.Type.containsAny(Lcom/sun/tools/javac/util/List;)Z @ 6
Event: 12.593 Thread 0x00000000196d1800 Uncommon trap: reason=class_check action=maybe_recompile pc=0x0000000004dd7e08 method=com.sun.tools.javac.code.Type.containsAny(Lcom/sun/tools/javac/util/List;)Z @ 6
Event: 12.594 Thread 0x00000000196d1800 Uncommon trap: reason=class_check action=maybe_recompile pc=0x0000000004b5d45c method=com.sun.tools.javac.code.Type.containsAny(Lcom/sun/tools/javac/util/List;)Z @ 6
Event: 12.594 Thread 0x00000000196d1800 Uncommon trap: reason=class_check action=maybe_recompile pc=0x0000000004dd7e08 method=com.sun.tools.javac.code.Type.containsAny(Lcom/sun/tools/javac/util/List;)Z @ 6
Event: 12.595 Thread 0x00000000196d1800 Uncommon trap: reason=class_check action=maybe_recompile pc=0x0000000004d23b48 method=com.sun.tools.javac.code.Type.containsAny(Lcom/sun/tools/javac/util/List;)Z @ 6
Event: 12.596 Thread 0x00000000196d1800 Uncommon trap: reason=bimorphic action=maybe_recompile pc=0x0000000004cb0c88 method=com.sun.tools.javac.tree.TreeInfo.isEnumInit(Lcom/sun/tools/javac/tree/JCTree;)Z @ 4
Event: 12.598 Thread 0x00000000196d1800 Uncommon trap: reason=bimorphic action=maybe_recompile pc=0x0000000004d44bb0 method=com.sun.tools.javac.code.Types$19.visitClassType(Lcom/sun/tools/javac/code/Type$ClassType;Ljava/lang/Void;)Lcom/sun/tools/javac/util/List; @ 46
Event: 12.599 Thread 0x00000000196d1800 Uncommon trap: reason=bimorphic action=maybe_recompile pc=0x0000000004d44bb0 method=com.sun.tools.javac.code.Types$19.visitClassType(Lcom/sun/tools/javac/code/Type$ClassType;Ljava/lang/Void;)Lcom/sun/tools/javac/util/List; @ 46
Event: 12.599 Thread 0x00000000196d1800 Uncommon trap: reason=bimorphic action=maybe_recompile pc=0x00000000049c873c method=com.sun.tools.javac.code.Symbol.complete()V @ 19

Internal exceptions (10 events):
Event: 8.943 Thread 0x00000000196d1800 Exception <a 'java/lang/NoSuchMethodError': <clinit>> (0x00000000e28244b0) thrown at [C:\src\android\AOSP-openjdk\external\jetbrains\jdk\hotspot\src\share\vm\prims\jni.cpp, line 1613]
Event: 8.944 Thread 0x00000000196d1800 Exception <a 'java/lang/NoSuchMethodError': <clinit>> (0x00000000e2831d50) thrown at [C:\src\android\AOSP-openjdk\external\jetbrains\jdk\hotspot\src\share\vm\prims\jni.cpp, line 1613]
Event: 8.954 Thread 0x00000000196d1800 Exception <a 'java/lang/NoSuchMethodError': <clinit>> (0x00000000e28ae458) thrown at [C:\src\android\AOSP-openjdk\external\jetbrains\jdk\hotspot\src\share\vm\prims\jni.cpp, line 1613]
Event: 8.955 Thread 0x00000000196d1800 Exception <a 'java/lang/NoSuchMethodError': <clinit>> (0x00000000e28c71b0) thrown at [C:\src\android\AOSP-openjdk\external\jetbrains\jdk\hotspot\src\share\vm\prims\jni.cpp, line 1613]
Event: 8.955 Thread 0x00000000196d1800 Exception <a 'java/lang/NoSuchMethodError': <clinit>> (0x00000000e28c8e30) thrown at [C:\src\android\AOSP-openjdk\external\jetbrains\jdk\hotspot\src\share\vm\prims\jni.cpp, line 1613]
Event: 11.699 Thread 0x00000000196d1800 Implicit null exception at 0x00000000048abed3 to 0x00000000048acd21
Event: 11.717 Thread 0x00000000196d1800 Implicit null exception at 0x000000000498fc4d to 0x0000000004990331
Event: 11.717 Thread 0x00000000196d1800 Implicit null exception at 0x000000000499a2d9 to 0x000000000499a975
Event: 11.928 Thread 0x00000000196d1800 Implicit null exception at 0x0000000004a5e82b to 0x0000000004a5ea31
Event: 11.928 Thread 0x00000000196d1800 Implicit null exception at 0x0000000004a5bedb to 0x0000000004a5c47d

Events (10 events):
Event: 12.598 Thread 0x00000000196d1800 Uncommon trap: trap_request=0xffffffc6 fr.pc=0x0000000004d44bb0
Event: 12.598 Thread 0x00000000196d1800 DEOPT PACKING pc=0x0000000004d44bb0 sp=0x000000001af18b20
Event: 12.598 Thread 0x00000000196d1800 DEOPT UNPACKING pc=0x000000000309556a sp=0x000000001af18a50 mode 2
Event: 12.599 Thread 0x00000000196d1800 Uncommon trap: trap_request=0xffffffc6 fr.pc=0x0000000004d44bb0
Event: 12.599 Thread 0x00000000196d1800 DEOPT PACKING pc=0x0000000004d44bb0 sp=0x000000001af18cb0
Event: 12.599 Thread 0x00000000196d1800 DEOPT UNPACKING pc=0x000000000309556a sp=0x000000001af18be0 mode 2
Event: 12.599 Thread 0x00000000196d1800 Uncommon trap: trap_request=0xffffffc6 fr.pc=0x00000000049c873c
Event: 12.599 Thread 0x00000000196d1800 DEOPT PACKING pc=0x00000000049c873c sp=0x000000001af19ff0
Event: 12.599 Thread 0x00000000196d1800 DEOPT UNPACKING pc=0x000000000309556a sp=0x000000001af19f50 mode 2
Event: 12.632 Executing VM operation: CollectForMetadataAllocation


Dynamic libraries:
0x00007ff7d42b0000 - 0x00007ff7d42e1000 	C:\Program Files\Android\Android Studio\jre\bin\java.exe
0x00007ff9e77c0000 - 0x00007ff9e7981000 	C:\Windows\SYSTEM32\ntdll.dll
0x00007ff9e7550000 - 0x00007ff9e75fd000 	C:\Windows\system32\KERNEL32.DLL
0x00007ff9e4bb0000 - 0x00007ff9e4d8d000 	C:\Windows\system32\KERNELBASE.dll
0x00007ff9e74a0000 - 0x00007ff9e7546000 	C:\Windows\system32\ADVAPI32.dll
0x00007ff9e68c0000 - 0x00007ff9e695d000 	C:\Windows\system32\msvcrt.dll
0x00007ff9e6cc0000 - 0x00007ff9e6d1b000 	C:\Windows\system32\sechost.dll
0x00007ff9e6d20000 - 0x00007ff9e6e46000 	C:\Windows\system32\RPCRT4.dll
0x00007ff9e7610000 - 0x00007ff9e775e000 	C:\Windows\system32\USER32.dll
0x00007ff9e50b0000 - 0x00007ff9e5236000 	C:\Windows\system32\GDI32.dll
0x00007ff9dda80000 - 0x00007ff9ddcf4000 	C:\Windows\WinSxS\amd64_microsoft.windows.common-controls_6595b64144ccf1df_6.0.10240.16384_none_f41f7b285750ef43\COMCTL32.dll
0x00007ff9e6b90000 - 0x00007ff9e6bc6000 	C:\Windows\system32\IMM32.DLL
0x00007ff9e6f10000 - 0x00007ff9e706c000 	C:\Windows\system32\MSCTF.dll
0x000000006bd00000 - 0x000000006bdd2000 	C:\Program Files\Android\Android Studio\jre\jre\bin\msvcr100.dll
0x000000006bec0000 - 0x000000006c6fc000 	C:\Program Files\Android\Android Studio\jre\jre\bin\server\jvm.dll
0x00007ff9e68b0000 - 0x00007ff9e68b8000 	C:\Windows\system32\PSAPI.DLL
0x00007ff9e27f0000 - 0x00007ff9e2813000 	C:\Windows\SYSTEM32\WINMM.dll
0x00007ff9e08e0000 - 0x00007ff9e08ea000 	C:\Windows\SYSTEM32\VERSION.dll
0x00007ff9db400000 - 0x00007ff9db409000 	C:\Windows\SYSTEM32\WSOCK32.dll
0x00007ff9e52f0000 - 0x00007ff9e5359000 	C:\Windows\system32\WS2_32.dll
0x00007ff9e6bd0000 - 0x00007ff9e6bd8000 	C:\Windows\system32\NSI.dll
0x0000000002c80000 - 0x0000000002cac000 	C:\Windows\SYSTEM32\WINMMBASE.dll
0x00007ff9e4d90000 - 0x00007ff9e4dd4000 	C:\Windows\system32\cfgmgr32.dll
0x00007ff9e2ac0000 - 0x00007ff9e2ae7000 	C:\Windows\SYSTEM32\DEVOBJ.dll
0x00007ff9db3f0000 - 0x00007ff9db3ff000 	C:\Program Files\Android\Android Studio\jre\jre\bin\verify.dll
0x00007ff9ceb20000 - 0x00007ff9ceb49000 	C:\Program Files\Android\Android Studio\jre\jre\bin\java.dll
0x00007ff9d46b0000 - 0x00007ff9d46c6000 	C:\Program Files\Android\Android Studio\jre\jre\bin\zip.dll
0x00007ff9e5380000 - 0x00007ff9e68a2000 	C:\Windows\system32\SHELL32.dll
0x00007ff9e4460000 - 0x00007ff9e4a88000 	C:\Windows\system32\windows.storage.dll
0x00007ff9e7220000 - 0x00007ff9e749c000 	C:\Windows\system32\combase.dll
0x00007ff9e71c0000 - 0x00007ff9e7211000 	C:\Windows\system32\shlwapi.dll
0x00007ff9e4280000 - 0x00007ff9e428f000 	C:\Windows\system32\kernel.appcore.dll
0x00007ff9e4af0000 - 0x00007ff9e4ba3000 	C:\Windows\system32\shcore.dll
0x00007ff9e41f0000 - 0x00007ff9e423a000 	C:\Windows\system32\powrprof.dll
0x00007ff9e4240000 - 0x00007ff9e4253000 	C:\Windows\system32\profapi.dll
0x00007ff9d21e0000 - 0x00007ff9d21fa000 	C:\Program Files\Android\Android Studio\jre\jre\bin\net.dll
0x00007ff9e3a00000 - 0x00007ff9e3a5d000 	C:\Windows\system32\mswsock.dll
0x00007ff9cdd30000 - 0x00007ff9cdd41000 	C:\Program Files\Android\Android Studio\jre\jre\bin\nio.dll
0x00007ff9cdab0000 - 0x00007ff9cdace000 	C:\Users\Luffy\.gradle\native\23\windows-amd64\native-platform.dll
0x00007ff9e3a60000 - 0x00007ff9e3a77000 	C:\Windows\SYSTEM32\CRYPTSP.dll
0x00007ff9e4010000 - 0x00007ff9e4038000 	C:\Windows\SYSTEM32\bcrypt.dll
0x00007ff9e36b0000 - 0x00007ff9e36e3000 	C:\Windows\system32\rsaenh.dll
0x00007ff9e3890000 - 0x00007ff9e38af000 	C:\Windows\SYSTEM32\USERENV.dll
0x00007ff9e4040000 - 0x00007ff9e40ab000 	C:\Windows\system32\bcryptprimitives.dll
0x00007ff9e3bd0000 - 0x00007ff9e3bdb000 	C:\Windows\SYSTEM32\CRYPTBASE.dll
0x00007ff9e2230000 - 0x00007ff9e2268000 	C:\Windows\SYSTEM32\IPHLPAPI.DLL
0x00007ff9e2220000 - 0x00007ff9e222b000 	C:\Windows\SYSTEM32\WINNSI.DLL
0x00007ff9dcee0000 - 0x00007ff9dcef6000 	C:\Windows\SYSTEM32\dhcpcsvc6.DLL
0x00007ff9dcec0000 - 0x00007ff9dceda000 	C:\Windows\SYSTEM32\dhcpcsvc.DLL
0x00007ff9d48f0000 - 0x00007ff9d48fd000 	C:\Program Files\Android\Android Studio\jre\jre\bin\management.dll

VM Arguments:
jvm_args: -Xmx1536m -Dfile.encoding=windows-1256 -Duser.country=US -Duser.language=en -Duser.variant 
java_command: org.gradle.launcher.daemon.bootstrap.GradleDaemon 3.3
java_class_path (initial): C:\Users\Luffy\.gradle\wrapper\dists\gradle-3.3-all\55gk2rcmfc6p2dg9u9ohc3hw9\gradle-3.3\lib\gradle-launcher-3.3.jar
Launcher Type: SUN_STANDARD

Environment Variables:
PATH=C:\ProgramData\Oracle\Java\javapath;C:\Windows\system32;C:\Windows;C:\Windows\System32\Wbem;C:\Windows\System32\WindowsPowerShell\v1.0\;C:\Program Files (x86)\NVIDIA Corporation\PhysX\Common;C:\Program Files (x86)\Intel\Intel(R) Management Engine Components\DAL;C:\Program Files\Intel\Intel(R) Management Engine Components\DAL;C:\Program Files (x86)\Intel\Intel(R) Management Engine Components\IPT;C:\Program Files\Intel\Intel(R) Management Engine Components\IPT;C:\Program Files\Microsoft SQL Server\Client SDK\ODBC\110\Tools\Binn\;C:\Program Files (x86)\Microsoft SQL Server\120\Tools\Binn\;C:\Program Files\Microsoft SQL Server\120\Tools\Binn\;C:\Program Files\Microsoft SQL Server\120\DTS\Binn\;C:\Program Files (x86)\Skype\Phone\;F:\Software\Git\cmd;F:\Software\Git\mingw64\bin;F:\Software\Git\usr\bin
USERNAME=Luffy
OS=Windows_NT
PROCESSOR_IDENTIFIER=Intel64 Family 6 Model 58 Stepping 9, GenuineIntel



---------------  S Y S T E M  ---------------

OS: Windows 10.0 , 64 bit Build 10240 (10.0.10240.16384)

CPU:total 4 (4 cores per cpu, 1 threads per core) family 6 model 58 stepping 9, cmov, cx8, fxsr, mmx, sse, sse2, sse3, ssse3, sse4.1, sse4.2, popcnt, avx, aes, clmul, erms, tsc, tscinvbit, tscinv

Memory: 4k page, physical 8333460k(660640k free), swap 11128352k(5928k free)

vm_info: OpenJDK 64-Bit Server VM (25.112-b06) for windows-amd64 JRE (1.8.0_112-release-b06), built on Dec  8 2016 00:54:26 by "builder" with MS VC++ 10.0 (VS2010)

time: Tue Dec 19 01:54:02 2017
elapsed time: 12 seconds (0d 0h 0m 12s)

