#
# There is insufficient memory for the Java Runtime Environment to continue.
# Native memory allocation (malloc) failed to allocate 1381936 bytes for Chunk::new
# Possible reasons:
#   The system is out of physical RAM or swap space
#   In 32 bit mode, the process size limit was hit
# Possible solutions:
#   Reduce memory load on the system
#   Increase physical memory or swap space
#   Check if swap backing store is full
#   Use 64 bit Java on a 64 bit OS
#   Decrease Java heap size (-Xmx/-Xms)
#   Decrease number of Java threads
#   Decrease Java thread stack sizes (-Xss)
#   Set larger code cache with -XX:ReservedCodeCacheSize=
# This output file may be truncated or incomplete.
#
#  Out of Memory Error (allocation.cpp:390), pid=4808, tid=0x00000000000018b4
#
# JRE version: OpenJDK Runtime Environment (8.0_112-b06) (build 1.8.0_112-release-b06)
# Java VM: OpenJDK 64-Bit Server VM (25.112-b06 mixed mode windows-amd64 compressed oops)
# Failed to write core dump. Minidumps are not enabled by default on client versions of Windows
#

---------------  T H R E A D  ---------------

Current thread (0x0000000016289800):  JavaThread "C2 CompilerThread1" daemon [_thread_in_native, id=6324, stack(0x0000000017980000,0x0000000017a80000)]

Stack: [0x0000000017980000,0x0000000017a80000]
[error occurred during error reporting (printing stack bounds), id 0xc0000005]

Native frames: (J=compiled Java code, j=interpreted, Vv=VM code, C=native code)


Current CompileTask:
C2:2779408 11548   !   4       com.sun.tools.javac.parser.JavaTokenizer::readToken (2243 bytes)


---------------  P R O C E S S  ---------------

Java Threads: ( => current thread )
  0x000000001b1ef800 JavaThread "Cache update executor" [_thread_blocked, id=8392, stack(0x000000001a870000,0x000000001a970000)]
  0x000000001b1eb800 JavaThread "Stdin handler" [_thread_blocked, id=3236, stack(0x000000001a770000,0x000000001a870000)]
  0x000000001b1eb000 JavaThread "Asynchronous log dispatcher for DefaultDaemonConnection: socket connection from /127.0.0.1:49861 to /127.0.0.1:50081" [_thread_blocked, id=6316, stack(0x000000001a670000,0x000000001a770000)]
  0x000000001b1ee800 JavaThread "Daemon worker Thread 2" [_thread_in_Java, id=7792, stack(0x000000001a570000,0x000000001a670000)]
  0x000000001b1ea000 JavaThread "Cancel handler" [_thread_blocked, id=7776, stack(0x000000001a370000,0x000000001a470000)]
  0x000000001b1ee000 JavaThread "Handler for socket connection from /127.0.0.1:49861 to /127.0.0.1:50081" [_thread_in_native, id=8064, stack(0x000000001a070000,0x000000001a170000)]
  0x000000001b1f0000 JavaThread "Daemon Thread 2" [_thread_blocked, id=1096, stack(0x0000000000df0000,0x0000000000ef0000)]
  0x000000001bb89800 JavaThread "File lock request listener" [_thread_in_native, id=4424, stack(0x000000001dee0000,0x000000001dfe0000)]
  0x0000000019075800 JavaThread "pool-1-thread-1" [_thread_blocked, id=2392, stack(0x000000001a470000,0x000000001a570000)]
  0x0000000018f6f800 JavaThread "Incoming local TCP Connector on port 49861" [_thread_in_native, id=6232, stack(0x0000000019e90000,0x0000000019f90000)]
  0x0000000017acf800 JavaThread "Service Thread" daemon [_thread_blocked, id=7600, stack(0x0000000017f80000,0x0000000018080000)]
  0x000000001629e000 JavaThread "C1 CompilerThread2" daemon [_thread_blocked, id=7676, stack(0x0000000017e80000,0x0000000017f80000)]
=>0x0000000016289800 JavaThread "C2 CompilerThread1" daemon [_thread_in_native, id=6324, stack(0x0000000017980000,0x0000000017a80000)]
  0x0000000016286800 JavaThread "C2 CompilerThread0" daemon [_thread_in_native, id=2696, stack(0x0000000017880000,0x0000000017980000)]
  0x0000000016285000 JavaThread "Attach Listener" daemon [_thread_blocked, id=6848, stack(0x0000000017780000,0x0000000017880000)]
  0x0000000016284800 JavaThread "Signal Dispatcher" daemon [_thread_blocked, id=6780, stack(0x0000000017680000,0x0000000017780000)]
  0x00000000028c5800 JavaThread "Finalizer" daemon [_thread_blocked, id=7892, stack(0x00000000174a0000,0x00000000175a0000)]
  0x00000000028c0000 JavaThread "Reference Handler" daemon [_thread_blocked, id=7648, stack(0x00000000173a0000,0x00000000174a0000)]
  0x00000000027d0800 JavaThread "main" [_thread_blocked, id=4244, stack(0x00000000026d0000,0x00000000027d0000)]

Other Threads:
  0x0000000016205800 VMThread [stack: 0x00000000172a0000,0x00000000173a0000] [id=7472]
  0x0000000017ad0800 WatcherThread [stack: 0x0000000018080000,0x0000000018180000] [id=984]

VM state:not at safepoint (normal execution)

VM Mutex/Monitor currently owned by a thread: None

Heap:
 PSYoungGen      total 159744K, used 54699K [0x00000000e0000000, 0x00000000eb800000, 0x0000000100000000)
  eden space 137216K, 28% used [0x00000000e0000000,0x00000000e2602698,0x00000000e8600000)
  from space 22528K, 70% used [0x00000000ea200000,0x00000000eb1686b8,0x00000000eb800000)
  to   space 25600K, 0% used [0x00000000e8600000,0x00000000e8600000,0x00000000e9f00000)
 ParOldGen       total 225792K, used 47585K [0x00000000a0000000, 0x00000000adc80000, 0x00000000e0000000)
  object space 225792K, 21% used [0x00000000a0000000,0x00000000a2e78700,0x00000000adc80000)
 Metaspace       used 65865K, capacity 68716K, committed 68992K, reserved 1110016K
  class space    used 8729K, capacity 9310K, committed 9344K, reserved 1048576K

Card table byte_map: [0x0000000011c90000,0x0000000011fa0000] byte_map_base: 0x0000000011790000

Marking Bits: (ParMarkBitMap*) 0x000000006c6818f0
 Begin Bits: [0x00000000125a0000, 0x0000000013da0000)
 End Bits:   [0x0000000013da0000, 0x00000000155a0000)

Polling page: 0x0000000000db0000

CodeCache: size=245760Kb used=34245Kb max_used=34261Kb free=211514Kb
 bounds [0x00000000028d0000, 0x0000000004a80000, 0x00000000118d0000]
 total_blobs=10509 nmethods=9706 adapters=714
 compilation: enabled

Compilation events (10 events):
Event: 2778.431 Thread 0x0000000016286800 nmethod 11575 0x0000000004a5fe90 code [0x0000000004a5ffe0, 0x0000000004a600e8]
Event: 2778.431 Thread 0x0000000016286800 11576       4       com.sun.tools.javac.parser.UnicodeReader::scanCommentChar (41 bytes)
Event: 2778.432 Thread 0x0000000016286800 nmethod 11576 0x0000000004a5e290 code [0x0000000004a5e400, 0x0000000004a5e5b0]
Event: 2778.433 Thread 0x0000000016286800 11581 % !   4       com.sun.tools.javac.parser.JavadocTokenizer$JavadocComment::scanDocComment @ 536 (1058 bytes)
Event: 2778.464 Thread 0x000000001629e000 11582       1       java.util.regex.Pattern$BranchConn::study (5 bytes)
Event: 2778.464 Thread 0x000000001629e000 nmethod 11582 0x0000000004a5fb90 code [0x0000000004a5fce0, 0x0000000004a5fdf0]
Event: 2778.538 Thread 0x0000000016286800 nmethod 11581% 0x0000000004a68950 code [0x0000000004a69360, 0x0000000004a6c7e8]
Event: 2778.538 Thread 0x0000000016286800 11583       4       com.sun.tools.javac.parser.JavacParser::term (67 bytes)
Event: 2778.543 Thread 0x0000000016286800 nmethod 11583 0x0000000004a64c50 code [0x0000000004a64e40, 0x0000000004a65290]
Event: 2778.543 Thread 0x0000000016286800 11585   !   4       com.sun.tools.javac.parser.JavadocTokenizer$JavadocComment::scanDocComment (1058 bytes)

GC Heap History (10 events):
Event: 40.995 GC heap before
{Heap before GC invocations=15 (full 3):
 PSYoungGen      total 136192K, used 20096K [0x00000000e0000000, 0x00000000eab80000, 0x0000000100000000)
  eden space 109568K, 0% used [0x00000000e0000000,0x00000000e0000000,0x00000000e6b00000)
  from space 26624K, 75% used [0x00000000e8600000,0x00000000e99a0010,0x00000000ea000000)
  to   space 27648K, 0% used [0x00000000e6b00000,0x00000000e6b00000,0x00000000e8600000)
 ParOldGen       total 146944K, used 39991K [0x00000000a0000000, 0x00000000a8f80000, 0x00000000e0000000)
  object space 146944K, 27% used [0x00000000a0000000,0x00000000a270dda8,0x00000000a8f80000)
 Metaspace       used 57023K, capacity 59060K, committed 59160K, reserved 1099776K
  class space    used 7619K, capacity 8062K, committed 8064K, reserved 1048576K
Event: 41.271 GC heap after
Heap after GC invocations=15 (full 3):
 PSYoungGen      total 136192K, used 0K [0x00000000e0000000, 0x00000000eab80000, 0x0000000100000000)
  eden space 109568K, 0% used [0x00000000e0000000,0x00000000e0000000,0x00000000e6b00000)
  from space 26624K, 0% used [0x00000000e8600000,0x00000000e8600000,0x00000000ea000000)
  to   space 27648K, 0% used [0x00000000e6b00000,0x00000000e6b00000,0x00000000e8600000)
 ParOldGen       total 225792K, used 47553K [0x00000000a0000000, 0x00000000adc80000, 0x00000000e0000000)
  object space 225792K, 21% used [0x00000000a0000000,0x00000000a2e70700,0x00000000adc80000)
 Metaspace       used 57023K, capacity 59060K, committed 59160K, reserved 1099776K
  class space    used 7619K, capacity 8062K, committed 8064K, reserved 1048576K
}
Event: 47.741 GC heap before
{Heap before GC invocations=16 (full 3):
 PSYoungGen      total 136192K, used 109568K [0x00000000e0000000, 0x00000000eab80000, 0x0000000100000000)
  eden space 109568K, 100% used [0x00000000e0000000,0x00000000e6b00000,0x00000000e6b00000)
  from space 26624K, 0% used [0x00000000e8600000,0x00000000e8600000,0x00000000ea000000)
  to   space 27648K, 0% used [0x00000000e6b00000,0x00000000e6b00000,0x00000000e8600000)
 ParOldGen       total 225792K, used 47553K [0x00000000a0000000, 0x00000000adc80000, 0x00000000e0000000)
  object space 225792K, 21% used [0x00000000a0000000,0x00000000a2e70700,0x00000000adc80000)
 Metaspace       used 58522K, capacity 61094K, committed 61184K, reserved 1101824K
  class space    used 7842K, capacity 8379K, committed 8448K, reserved 1048576K
Event: 47.753 GC heap after
Heap after GC invocations=16 (full 3):
 PSYoungGen      total 137216K, used 6197K [0x00000000e0000000, 0x00000000eb400000, 0x0000000100000000)
  eden space 109568K, 0% used [0x00000000e0000000,0x00000000e0000000,0x00000000e6b00000)
  from space 27648K, 22% used [0x00000000e6b00000,0x00000000e710d698,0x00000000e8600000)
  to   space 27648K, 0% used [0x00000000e9900000,0x00000000e9900000,0x00000000eb400000)
 ParOldGen       total 225792K, used 47561K [0x00000000a0000000, 0x00000000adc80000, 0x00000000e0000000)
  object space 225792K, 21% used [0x00000000a0000000,0x00000000a2e72700,0x00000000adc80000)
 Metaspace       used 58522K, capacity 61094K, committed 61184K, reserved 1101824K
  class space    used 7842K, capacity 8379K, committed 8448K, reserved 1048576K
}
Event: 64.311 GC heap before
{Heap before GC invocations=17 (full 3):
 PSYoungGen      total 137216K, used 115765K [0x00000000e0000000, 0x00000000eb400000, 0x0000000100000000)
  eden space 109568K, 100% used [0x00000000e0000000,0x00000000e6b00000,0x00000000e6b00000)
  from space 27648K, 22% used [0x00000000e6b00000,0x00000000e710d698,0x00000000e8600000)
  to   space 27648K, 0% used [0x00000000e9900000,0x00000000e9900000,0x00000000eb400000)
 ParOldGen       total 225792K, used 47561K [0x00000000a0000000, 0x00000000adc80000, 0x00000000e0000000)
  object space 225792K, 21% used [0x00000000a0000000,0x00000000a2e72700,0x00000000adc80000)
 Metaspace       used 60916K, capacity 63530K, committed 63872K, reserved 1103872K
  class space    used 8158K, capacity 8709K, committed 8832K, reserved 1048576K
Event: 64.332 GC heap after
Heap after GC invocations=17 (full 3):
 PSYoungGen      total 148480K, used 15106K [0x00000000e0000000, 0x00000000eaf80000, 0x0000000100000000)
  eden space 125440K, 0% used [0x00000000e0000000,0x00000000e0000000,0x00000000e7a80000)
  from space 23040K, 65% used [0x00000000e9900000,0x00000000ea7c0868,0x00000000eaf80000)
  to   space 27136K, 0% used [0x00000000e7a80000,0x00000000e7a80000,0x00000000e9500000)
 ParOldGen       total 225792K, used 47569K [0x00000000a0000000, 0x00000000adc80000, 0x00000000e0000000)
  object space 225792K, 21% used [0x00000000a0000000,0x00000000a2e74700,0x00000000adc80000)
 Metaspace       used 60916K, capacity 63530K, committed 63872K, reserved 1103872K
  class space    used 8158K, capacity 8709K, committed 8832K, reserved 1048576K
}
Event: 2756.539 GC heap before
{Heap before GC invocations=18 (full 3):
 PSYoungGen      total 148480K, used 140546K [0x00000000e0000000, 0x00000000eaf80000, 0x0000000100000000)
  eden space 125440K, 100% used [0x00000000e0000000,0x00000000e7a80000,0x00000000e7a80000)
  from space 23040K, 65% used [0x00000000e9900000,0x00000000ea7c0868,0x00000000eaf80000)
  to   space 27136K, 0% used [0x00000000e7a80000,0x00000000e7a80000,0x00000000e9500000)
 ParOldGen       total 225792K, used 47569K [0x00000000a0000000, 0x00000000adc80000, 0x00000000e0000000)
  object space 225792K, 21% used [0x00000000a0000000,0x00000000a2e74700,0x00000000adc80000)
 Metaspace       used 61460K, capacity 64234K, committed 64384K, reserved 1105920K
  class space    used 8185K, capacity 8771K, committed 8832K, reserved 1048576K
Event: 2756.602 GC heap after
Heap after GC invocations=18 (full 3):
 PSYoungGen      total 152576K, used 11765K [0x00000000e0000000, 0x00000000ebb80000, 0x0000000100000000)
  eden space 125440K, 0% used [0x00000000e0000000,0x00000000e0000000,0x00000000e7a80000)
  from space 27136K, 43% used [0x00000000e7a80000,0x00000000e85fd560,0x00000000e9500000)
  to   space 26112K, 0% used [0x00000000ea200000,0x00000000ea200000,0x00000000ebb80000)
 ParOldGen       total 225792K, used 47577K [0x00000000a0000000, 0x00000000adc80000, 0x00000000e0000000)
  object space 225792K, 21% used [0x00000000a0000000,0x00000000a2e76700,0x00000000adc80000)
 Metaspace       used 61460K, capacity 64234K, committed 64384K, reserved 1105920K
  class space    used 8185K, capacity 8771K, committed 8832K, reserved 1048576K
}
Event: 2774.376 GC heap before
{Heap before GC invocations=19 (full 3):
 PSYoungGen      total 152576K, used 137205K [0x00000000e0000000, 0x00000000ebb80000, 0x0000000100000000)
  eden space 125440K, 100% used [0x00000000e0000000,0x00000000e7a80000,0x00000000e7a80000)
  from space 27136K, 43% used [0x00000000e7a80000,0x00000000e85fd560,0x00000000e9500000)
  to   space 26112K, 0% used [0x00000000ea200000,0x00000000ea200000,0x00000000ebb80000)
 ParOldGen       total 225792K, used 47577K [0x00000000a0000000, 0x00000000adc80000, 0x00000000e0000000)
  object space 225792K, 21% used [0x00000000a0000000,0x00000000a2e76700,0x00000000adc80000)
 Metaspace       used 63751K, capacity 66636K, committed 66688K, reserved 1107968K
  class space    used 8501K, capacity 9086K, committed 9088K, reserved 1048576K
Event: 2774.393 GC heap after
Heap after GC invocations=19 (full 3):
 PSYoungGen      total 159744K, used 15777K [0x00000000e0000000, 0x00000000eb800000, 0x0000000100000000)
  eden space 137216K, 0% used [0x00000000e0000000,0x00000000e0000000,0x00000000e8600000)
  from space 22528K, 70% used [0x00000000ea200000,0x00000000eb1686b8,0x00000000eb800000)
  to   space 25600K, 0% used [0x00000000e8600000,0x00000000e8600000,0x00000000e9f00000)
 ParOldGen       total 225792K, used 47585K [0x00000000a0000000, 0x00000000adc80000, 0x00000000e0000000)
  object space 225792K, 21% used [0x00000000a0000000,0x00000000a2e78700,0x00000000adc80000)
 Metaspace       used 63751K, capacity 66636K, committed 66688K, reserved 1107968K
  class space    used 8501K, capacity 9086K, committed 9088K, reserved 1048576K
}

Deoptimization events (10 events):
Event: 2777.839 Thread 0x000000001b1ee800 Uncommon trap: reason=unstable_if action=reinterpret pc=0x000000000494cbb8 method=com.sun.tools.javac.util.Name$Table.equals([BI[BII)Z @ 22
Event: 2777.839 Thread 0x000000001b1ee800 Uncommon trap: reason=unstable_if action=reinterpret pc=0x000000000490c030 method=com.sun.tools.javac.util.Name$Table.equals([BI[BII)Z @ 22
Event: 2778.334 Thread 0x000000001b1ee800 Uncommon trap: reason=unstable_if action=reinterpret pc=0x000000000499cdc8 method=com.sun.tools.javac.util.Position$LineMapImpl.build([CI)V @ 42
Event: 2778.335 Thread 0x000000001b1ee800 Uncommon trap: reason=unstable_if action=reinterpret pc=0x000000000499d8e4 method=com.sun.tools.javac.util.Position$LineMapImpl.build([CI)V @ 42
Event: 2778.342 Thread 0x000000001b1ee800 Uncommon trap: reason=unstable_if action=reinterpret pc=0x00000000049efc80 method=com.sun.tools.javac.parser.JavacParser.term()Lcom/sun/tools/javac/tree/JCTree$JCExpression; @ 40
Event: 2778.349 Thread 0x000000001b1ee800 Uncommon trap: reason=unstable_if action=reinterpret pc=0x00000000049c6304 method=com.sun.tools.javac.parser.JavaTokenizer.readToken()Lcom/sun/tools/javac/parser/Tokens$Token; @ 1279
Event: 2778.352 Thread 0x000000001b1ee800 Uncommon trap: reason=unstable_if action=reinterpret pc=0x00000000049f8fb0 method=com.sun.tools.javac.parser.JavacParser.term1()Lcom/sun/tools/javac/tree/JCTree$JCExpression; @ 24
Event: 2778.419 Thread 0x000000001b1ee800 Uncommon trap: reason=unstable_if action=reinterpret pc=0x000000000499c2ac method=com.sun.tools.javac.parser.UnicodeReader.scanChar()V @ 37
Event: 2778.419 Thread 0x000000001b1ee800 Uncommon trap: reason=unstable_if action=reinterpret pc=0x00000000048e4a08 method=com.sun.tools.javac.parser.UnicodeReader.scanChar()V @ 37
Event: 2778.541 Thread 0x000000001b1ee800 Uncommon trap: reason=unstable_if action=reinterpret pc=0x0000000004a6c344 method=com.sun.tools.javac.parser.JavadocTokenizer$DocReader.putChar(CZ)V @ 58

Internal exceptions (10 events):
Event: 2756.046 Thread 0x000000001b1ee800 Exception <a 'sun/nio/fs/WindowsException'> (0x00000000e7034260) thrown at [C:\src\android\AOSP-openjdk\external\jetbrains\jdk\hotspot\src\share\vm\prims\jni.cpp, line 709]
Event: 2756.046 Thread 0x000000001b1ee800 Exception <a 'sun/nio/fs/WindowsException'> (0x00000000e7036e00) thrown at [C:\src\android\AOSP-openjdk\external\jetbrains\jdk\hotspot\src\share\vm\prims\jni.cpp, line 709]
Event: 2756.046 Thread 0x000000001b1ee800 Exception <a 'sun/nio/fs/WindowsException'> (0x00000000e7037a58) thrown at [C:\src\android\AOSP-openjdk\external\jetbrains\jdk\hotspot\src\share\vm\prims\jni.cpp, line 709]
Event: 2756.046 Thread 0x000000001b1ee800 Exception <a 'sun/nio/fs/WindowsException'> (0x00000000e70396e8) thrown at [C:\src\android\AOSP-openjdk\external\jetbrains\jdk\hotspot\src\share\vm\prims\jni.cpp, line 709]
Event: 2756.046 Thread 0x000000001b1ee800 Exception <a 'sun/nio/fs/WindowsException'> (0x00000000e703a380) thrown at [C:\src\android\AOSP-openjdk\external\jetbrains\jdk\hotspot\src\share\vm\prims\jni.cpp, line 709]
Event: 2756.046 Thread 0x000000001b1ee800 Exception <a 'sun/nio/fs/WindowsException'> (0x00000000e703d060) thrown at [C:\src\android\AOSP-openjdk\external\jetbrains\jdk\hotspot\src\share\vm\prims\jni.cpp, line 709]
Event: 2756.046 Thread 0x000000001b1ee800 Exception <a 'sun/nio/fs/WindowsException'> (0x00000000e703dce0) thrown at [C:\src\android\AOSP-openjdk\external\jetbrains\jdk\hotspot\src\share\vm\prims\jni.cpp, line 709]
Event: 2756.046 Thread 0x000000001b1ee800 Exception <a 'sun/nio/fs/WindowsException'> (0x00000000e703f998) thrown at [C:\src\android\AOSP-openjdk\external\jetbrains\jdk\hotspot\src\share\vm\prims\jni.cpp, line 709]
Event: 2756.046 Thread 0x000000001b1ee800 Exception <a 'sun/nio/fs/WindowsException'> (0x00000000e7040658) thrown at [C:\src\android\AOSP-openjdk\external\jetbrains\jdk\hotspot\src\share\vm\prims\jni.cpp, line 709]
Event: 2757.061 Thread 0x000000001b1ee800 Implicit null exception at 0x0000000003f4d44d to 0x0000000003f4d679

Events (10 events):
Event: 2778.419 Thread 0x000000001b1ee800 DEOPT UNPACKING pc=0x000000000291556a sp=0x000000001a66ac40 mode 2
Event: 2778.540 Thread 0x000000001b1ee800 DEOPT PACKING pc=0x0000000004a5a611 sp=0x000000001a66af00
Event: 2778.540 Thread 0x000000001b1ee800 DEOPT UNPACKING pc=0x00000000029175bf sp=0x000000001a66acc8 mode 0
Event: 2778.541 Thread 0x000000001b1ee800 DEOPT PACKING pc=0x0000000004a5a5d0 sp=0x000000001a66af00
Event: 2778.541 Thread 0x000000001b1ee800 DEOPT UNPACKING pc=0x00000000029175bf sp=0x000000001a66acc8 mode 0
Event: 2778.541 Thread 0x000000001b1ee800 DEOPT PACKING pc=0x0000000004a5a611 sp=0x000000001a66af00
Event: 2778.541 Thread 0x000000001b1ee800 DEOPT UNPACKING pc=0x00000000029175bf sp=0x000000001a66acc8 mode 0
Event: 2778.541 Thread 0x000000001b1ee800 Uncommon trap: trap_request=0xffffff65 fr.pc=0x0000000004a6c344
Event: 2778.541 Thread 0x000000001b1ee800 DEOPT PACKING pc=0x0000000004a6c344 sp=0x000000001a66af40
Event: 2778.541 Thread 0x000000001b1ee800 DEOPT UNPACKING pc=0x000000000291556a sp=0x000000001a66aed8 mode 2


Dynamic libraries:
0x00007ff7d42b0000 - 0x00007ff7d42e1000 	C:\Program Files\Android\Android Studio\jre\bin\java.exe
0x00007ff9e77c0000 - 0x00007ff9e7981000 	C:\Windows\SYSTEM32\ntdll.dll
0x00007ff9e7550000 - 0x00007ff9e75fd000 	C:\Windows\system32\KERNEL32.DLL
0x00007ff9e4bb0000 - 0x00007ff9e4d8d000 	C:\Windows\system32\KERNELBASE.dll
0x00007ff9e74a0000 - 0x00007ff9e7546000 	C:\Windows\system32\ADVAPI32.dll
0x00007ff9e68c0000 - 0x00007ff9e695d000 	C:\Windows\system32\msvcrt.dll
0x00007ff9e6cc0000 - 0x00007ff9e6d1b000 	C:\Windows\system32\sechost.dll
0x00007ff9e6d20000 - 0x00007ff9e6e46000 	C:\Windows\system32\RPCRT4.dll
0x00007ff9e7610000 - 0x00007ff9e775e000 	C:\Windows\system32\USER32.dll
0x00007ff9e50b0000 - 0x00007ff9e5236000 	C:\Windows\system32\GDI32.dll
0x00007ff9dda80000 - 0x00007ff9ddcf4000 	C:\Windows\WinSxS\amd64_microsoft.windows.common-controls_6595b64144ccf1df_6.0.10240.16384_none_f41f7b285750ef43\COMCTL32.dll
0x00007ff9e6b90000 - 0x00007ff9e6bc6000 	C:\Windows\system32\IMM32.DLL
0x00007ff9e6f10000 - 0x00007ff9e706c000 	C:\Windows\system32\MSCTF.dll
0x000000006bd00000 - 0x000000006bdd2000 	C:\Program Files\Android\Android Studio\jre\jre\bin\msvcr100.dll
0x000000006bec0000 - 0x000000006c6fc000 	C:\Program Files\Android\Android Studio\jre\jre\bin\server\jvm.dll
0x00007ff9e68b0000 - 0x00007ff9e68b8000 	C:\Windows\system32\PSAPI.DLL
0x00007ff9db400000 - 0x00007ff9db409000 	C:\Windows\SYSTEM32\WSOCK32.dll
0x00007ff9e27f0000 - 0x00007ff9e2813000 	C:\Windows\SYSTEM32\WINMM.dll
0x00007ff9e08e0000 - 0x00007ff9e08ea000 	C:\Windows\SYSTEM32\VERSION.dll
0x00007ff9e27c0000 - 0x00007ff9e27ec000 	C:\Windows\SYSTEM32\WINMMBASE.dll
0x00007ff9e4d90000 - 0x00007ff9e4dd4000 	C:\Windows\system32\cfgmgr32.dll
0x00007ff9e2ac0000 - 0x00007ff9e2ae7000 	C:\Windows\SYSTEM32\DEVOBJ.dll
0x00007ff9e52f0000 - 0x00007ff9e5359000 	C:\Windows\system32\WS2_32.dll
0x00007ff9e6bd0000 - 0x00007ff9e6bd8000 	C:\Windows\system32\NSI.dll
0x00007ff9db3f0000 - 0x00007ff9db3ff000 	C:\Program Files\Android\Android Studio\jre\jre\bin\verify.dll
0x00007ff9ceb20000 - 0x00007ff9ceb49000 	C:\Program Files\Android\Android Studio\jre\jre\bin\java.dll
0x00007ff9d46b0000 - 0x00007ff9d46c6000 	C:\Program Files\Android\Android Studio\jre\jre\bin\zip.dll
0x00007ff9e5380000 - 0x00007ff9e68a2000 	C:\Windows\system32\SHELL32.dll
0x00007ff9e4460000 - 0x00007ff9e4a88000 	C:\Windows\system32\windows.storage.dll
0x00007ff9e7220000 - 0x00007ff9e749c000 	C:\Windows\system32\combase.dll
0x00007ff9e71c0000 - 0x00007ff9e7211000 	C:\Windows\system32\shlwapi.dll
0x00007ff9e4280000 - 0x00007ff9e428f000 	C:\Windows\system32\kernel.appcore.dll
0x00007ff9e4af0000 - 0x00007ff9e4ba3000 	C:\Windows\system32\shcore.dll
0x00007ff9e41f0000 - 0x00007ff9e423a000 	C:\Windows\system32\powrprof.dll
0x00007ff9e4240000 - 0x00007ff9e4253000 	C:\Windows\system32\profapi.dll
0x00007ff9d21e0000 - 0x00007ff9d21fa000 	C:\Program Files\Android\Android Studio\jre\jre\bin\net.dll
0x00007ff9e3a00000 - 0x00007ff9e3a5d000 	C:\Windows\system32\mswsock.dll
0x00007ff9cdd30000 - 0x00007ff9cdd41000 	C:\Program Files\Android\Android Studio\jre\jre\bin\nio.dll
0x00007ff9cdab0000 - 0x00007ff9cdace000 	C:\Users\Luffy\.gradle\native\23\windows-amd64\native-platform.dll
0x00007ff9e3a60000 - 0x00007ff9e3a77000 	C:\Windows\SYSTEM32\CRYPTSP.dll
0x00007ff9e4010000 - 0x00007ff9e4038000 	C:\Windows\SYSTEM32\bcrypt.dll
0x00007ff9e36b0000 - 0x00007ff9e36e3000 	C:\Windows\system32\rsaenh.dll
0x00007ff9e3890000 - 0x00007ff9e38af000 	C:\Windows\SYSTEM32\USERENV.dll
0x00007ff9e4040000 - 0x00007ff9e40ab000 	C:\Windows\system32\bcryptprimitives.dll
0x00007ff9e3bd0000 - 0x00007ff9e3bdb000 	C:\Windows\SYSTEM32\CRYPTBASE.dll
0x00007ff9e2230000 - 0x00007ff9e2268000 	C:\Windows\SYSTEM32\IPHLPAPI.DLL
0x00007ff9e2220000 - 0x00007ff9e222b000 	C:\Windows\SYSTEM32\WINNSI.DLL
0x00007ff9dcee0000 - 0x00007ff9dcef6000 	C:\Windows\SYSTEM32\dhcpcsvc6.DLL
0x00007ff9dcec0000 - 0x00007ff9dceda000 	C:\Windows\SYSTEM32\dhcpcsvc.DLL
0x00007ff9d48f0000 - 0x00007ff9d48fd000 	C:\Program Files\Android\Android Studio\jre\jre\bin\management.dll
0x00007ff9d48c0000 - 0x00007ff9d48e4000 	C:\Program Files\Android\Android Studio\jre\jre\bin\sunec.dll
0x00007ff9e37a0000 - 0x00007ff9e3848000 	C:\Windows\SYSTEM32\DNSAPI.dll
0x000000006cbe0000 - 0x000000006cc06000 	C:\Program Files\Bonjour\mdnsNSP.dll
0x00007ff9df3e0000 - 0x00007ff9df3ea000 	C:\Windows\System32\rasadhlp.dll
0x00007ff9dd050000 - 0x00007ff9dd0b8000 	C:\Windows\System32\fwpuclnt.dll
0x00007ff9d7180000 - 0x00007ff9d718b000 	C:\Program Files\Android\Android Studio\jre\jre\bin\sunmscapi.dll
0x00007ff9e4290000 - 0x00007ff9e4451000 	C:\Windows\system32\CRYPT32.dll
0x00007ff9e4260000 - 0x00007ff9e4271000 	C:\Windows\system32\MSASN1.dll

VM Arguments:
jvm_args: -Xmx1536m -Dfile.encoding=windows-1256 -Duser.country=US -Duser.language=en -Duser.variant 
java_command: org.gradle.launcher.daemon.bootstrap.GradleDaemon 3.3
java_class_path (initial): C:\Users\Luffy\.gradle\wrapper\dists\gradle-3.3-all\55gk2rcmfc6p2dg9u9ohc3hw9\gradle-3.3\lib\gradle-launcher-3.3.jar
Launcher Type: SUN_STANDARD

Environment Variables:
PATH=C:\ProgramData\Oracle\Java\javapath;C:\Windows\system32;C:\Windows;C:\Windows\System32\Wbem;C:\Windows\System32\WindowsPowerShell\v1.0\;C:\Program Files (x86)\NVIDIA Corporation\PhysX\Common;C:\Program Files (x86)\Intel\Intel(R) Management Engine Components\DAL;C:\Program Files\Intel\Intel(R) Management Engine Components\DAL;C:\Program Files (x86)\Intel\Intel(R) Management Engine Components\IPT;C:\Program Files\Intel\Intel(R) Management Engine Components\IPT;C:\Program Files\Microsoft SQL Server\Client SDK\ODBC\110\Tools\Binn\;C:\Program Files (x86)\Microsoft SQL Server\120\Tools\Binn\;C:\Program Files\Microsoft SQL Server\120\Tools\Binn\;C:\Program Files\Microsoft SQL Server\120\DTS\Binn\;C:\Program Files (x86)\Skype\Phone\;F:\Software\Git\cmd;F:\Software\Git\mingw64\bin;F:\Software\Git\usr\bin
USERNAME=Luffy
OS=Windows_NT
PROCESSOR_IDENTIFIER=Intel64 Family 6 Model 58 Stepping 9, GenuineIntel



---------------  S Y S T E M  ---------------

OS: Windows 10.0 , 64 bit Build 10240 (10.0.10240.16384)

CPU:total 4 (4 cores per cpu, 1 threads per core) family 6 model 58 stepping 9, cmov, cx8, fxsr, mmx, sse, sse2, sse3, ssse3, sse4.1, sse4.2, popcnt, avx, aes, clmul, erms, tsc, tscinvbit, tscinv

Memory: 4k page, physical 8333460k(1515912k free), swap 11066788k(2420k free)

vm_info: OpenJDK 64-Bit Server VM (25.112-b06) for windows-amd64 JRE (1.8.0_112-release-b06), built on Dec  8 2016 00:54:26 by "builder" with MS VC++ 10.0 (VS2010)

time: Tue Dec 19 01:46:49 2017
elapsed time: 2778 seconds (0d 0h 46m 18s)

